<?xml version="1.0" encoding="UTF-8"?>
<!-- Generated by org.testng.reporters.JUnitReportReporter -->
<testsuite hostname="DESKTOP-CATNHI2" name="com.nopcommerce.testCases.TC_AddCustomerTest_003" tests="1" failures="0" timestamp="3 May 2019 20:43:33 GMT" time="16.577" errors="0">
  <testcase name="addNewCustomer" time="16.577" classname="com.nopcommerce.testCases.TC_AddCustomerTest_003"/>
</testsuite> <!-- com.nopcommerce.testCases.TC_AddCustomerTest_003 -->
