<?xml version="1.0" encoding="UTF-8"?>
<!-- Generated by org.testng.reporters.JUnitReportReporter -->
<testsuite hostname="DESKTOP-CATNHI2" name="com.nopcommerce.testCases.TC_AddCustomerTest_003" tests="1" failures="0" timestamp="27 Jan 2020 15:11:58 GMT" time="12.436" errors="0">
  <testcase name="addNewCustomer" time="12.436" classname="com.nopcommerce.testCases.TC_AddCustomerTest_003"/>
</testsuite> <!-- com.nopcommerce.testCases.TC_AddCustomerTest_003 -->
